[INFO] Scanning for projects...
[INFO] 
[INFO] --------------------< com.hospital:hospital-config >--------------------
[INFO] Building hospital-config 1.0.0
[INFO]   from pom.xml
[INFO] --------------------------------[ jar ]---------------------------------
[INFO] 
[INFO] >>> spring-boot:2.7.15:run (default-cli) > test-compile @ hospital-config >>>
[INFO] 
[INFO] --- resources:3.2.0:resources (default-resources) @ hospital-config ---
[INFO] Using 'UTF-8' encoding to copy filtered resources.
[INFO] Using 'UTF-8' encoding to copy filtered properties files.
[INFO] Copying 1 resource
[INFO] Copying 0 resource
[INFO] 
[INFO] --- compiler:3.10.1:compile (default-compile) @ hospital-config ---
[INFO] Nothing to compile - all classes are up to date
[INFO] 
[INFO] --- resources:3.2.0:testResources (default-testResources) @ hospital-config ---
[INFO] Using 'UTF-8' encoding to copy filtered resources.
[INFO] Using 'UTF-8' encoding to copy filtered properties files.
[INFO] Copying 0 resource
[INFO] 
[INFO] --- compiler:3.10.1:testCompile (default-testCompile) @ hospital-config ---
[INFO] Nothing to compile - all classes are up to date
[INFO] 
[INFO] <<< spring-boot:2.7.15:run (default-cli) < test-compile @ hospital-config <<<
[INFO] 
[INFO] 
[INFO] --- spring-boot:2.7.15:run (default-cli) @ hospital-config ---
[INFO] Attaching agents: []

  .   ____          _            __ _ _
 /\\ / ___'_ __ _ _(_)_ __  __ _ \ \ \ \
( ( )\___ | '_ | '_| | '_ \/ _` | \ \ \ \
 \\/  ___)| |_)| | | | | || (_| |  ) ) ) )
  '  |____| .__|_| |_|_| |_\__, | / / / /
 =========|_|==============|___/=/_/_/_/
 :: Spring Boot ::               (v2.7.15)

2025-08-25 10:41:07.462  INFO 46176 --- [           main] com.hospital.config.ConfigApplication    : Starting ConfigApplication using Java 20.0.2 on SK-20250324XCWG with PID 46176 (D:\github项目\Hospital_server\hospital-config\target\classes started by Administrator in D:\github项目\Hospital_server\hospital-config)
2025-08-25 10:41:07.463 DEBUG 46176 --- [           main] com.hospital.config.ConfigApplication    : Running with Spring Boot v2.7.15, Spring v5.3.29
2025-08-25 10:41:07.464  INFO 46176 --- [           main] com.hospital.config.ConfigApplication    : No active profile set, falling back to 1 default profile: "default"
2025-08-25 10:41:07.491  WARN 46176 --- [           main] c.a.c.n.c.NacosConfigDataLoader          : [Nacos Config] config[dataId=hospital-config.yml, group=DEFAULT_GROUP] is empty
2025-08-25 10:41:07.922  INFO 46176 --- [           main] o.s.cloud.context.scope.GenericScope     : BeanFactory id=d5120747-568f-3668-b8f8-d3412b783506
2025-08-25 10:41:08.162  INFO 46176 --- [           main] o.s.b.w.embedded.tomcat.TomcatWebServer  : Tomcat initialized with port(s): 8888 (http)
2025-08-25 10:41:08.170  INFO 46176 --- [           main] o.apache.catalina.core.StandardService   : Starting service [Tomcat]
2025-08-25 10:41:08.170  INFO 46176 --- [           main] org.apache.catalina.core.StandardEngine  : Starting Servlet engine: [Apache Tomcat/9.0.79]
2025-08-25 10:41:08.239  INFO 46176 --- [           main] o.a.c.c.C.[Tomcat].[localhost].[/]       : Initializing Spring embedded WebApplicationContext
2025-08-25 10:41:08.239  INFO 46176 --- [           main] w.s.c.ServletWebServerApplicationContext : Root WebApplicationContext: initialization completed in 746 ms
2025-08-25 10:41:08.523  WARN 46176 --- [           main] ConfigServletWebServerApplicationContext : Exception encountered during context initialization - cancelling refresh attempt: org.springframework.context.ApplicationContextException: Failed to start bean 'webServerStartStop'; nested exception is org.springframework.boot.web.server.PortInUseException: Port 8888 is already in use
2025-08-25 10:41:08.525  INFO 46176 --- [           main] o.apache.catalina.core.StandardService   : Stopping service [Tomcat]
2025-08-25 10:41:08.535  INFO 46176 --- [           main] ConditionEvaluationReportLoggingListener : 

Error starting ApplicationContext. To display the conditions report re-run your application with 'debug' enabled.
2025-08-25 10:41:08.556 ERROR 46176 --- [           main] o.s.b.d.LoggingFailureAnalysisReporter   : 

***************************
APPLICATION FAILED TO START
***************************

Description:

Web server failed to start. Port 8888 was already in use.

Action:

Identify and stop the process that's listening on port 8888 or configure this application to listen on another port.

2025-08-25 10:41:08.557  WARN 46176 --- [       Thread-1] c.a.n.common.http.HttpClientBeanHolder   : [HttpClientBeanHolder] Start destroying common HttpClient
2025-08-25 10:41:08.557  WARN 46176 --- [       Thread-6] c.a.nacos.common.notify.NotifyCenter     : [NotifyCenter] Start destroying Publisher
[INFO] ------------------------------------------------------------------------
[INFO] BUILD FAILURE
[INFO] ------------------------------------------------------------------------
[INFO] Total time:  5.570 s
[INFO] Finished at: 2025-08-25T10:41:09+08:00
[INFO] ------------------------------------------------------------------------
[ERROR] Failed to execute goal org.springframework.boot:spring-boot-maven-plugin:2.7.15:run (default-cli) on project hospital-config: Application finished with exit code: 1 -> [Help 1]
[ERROR] 
[ERROR] To see the full stack trace of the errors, re-run Maven with the -e switch.
[ERROR] Re-run Maven using the -X switch to enable full debug logging.
[ERROR] 
[ERROR] For more information about the errors and possible solutions, please read the following articles:
[ERROR] [Help 1] http://cwiki.apache.org/confluence/display/MAVEN/MojoExecutionException
